# JRE version: OpenJDK Runtime Environment AdoptOpenJDK (11.0.8+10) (build 11.0.8+10)
# Java VM: OpenJDK 64-Bit Server VM AdoptOpenJDK (11.0.8+10, mixed mode, tiered, compressed oops, parallel gc, bsd-amd64)
Heap:
 PSYoungGen      total 21504K, used 0K [0x00000007eab00000, 0x00000007ec300000, 0x0000000800000000)
  eden space 20480K, 0% used [0x00000007eab00000,0x00000007eab00000,0x00000007ebf00000)
  from space 1024K, 0% used [0x00000007ebf00000,0x00000007ebf00000,0x00000007ec000000)
  to   space 1536K, 0% used [0x00000007ec180000,0x00000007ec180000,0x00000007ec300000)
 ParOldGen       total 68608K, used 24729K [0x00000007c0000000, 0x00000007c4300000, 0x00000007eab00000)
  object space 68608K, 36% used [0x00000007c0000000,0x00000007c1826550,0x00000007c4300000)
 Metaspace       used 33217K, capacity 35234K, committed 35416K, reserved 1081344K
  class space    used 3143K, capacity 3878K, committed 3968K, reserved 1048576K
GC Heap History (20 events):
Event: 8.023 GC heap before
{Heap before GC invocations=8 (full 1):
 PSYoungGen      total 27136K, used 27123K [0x00000007eab00000, 0x00000007ec900000, 0x0000000800000000)
  eden space 24576K, 100% used [0x00000007eab00000,0x00000007ec300000,0x00000007ec300000)
  from space 2560K, 99% used [0x00000007ec600000,0x00000007ec87cd80,0x00000007ec880000)
  to   space 3072K, 0% used [0x00000007ec300000,0x00000007ec300000,0x00000007ec600000)
 ParOldGen       total 68608K, used 6250K [0x00000007c0000000, 0x00000007c4300000, 0x00000007eab00000)
  object space 68608K, 9% used [0x00000007c0000000,0x00000007c061ab48,0x00000007c4300000)
 Metaspace       used 30732K, capacity 32743K, committed 32896K, reserved 1079296K
  class space    used 2946K, capacity 3667K, committed 3712K, reserved 1048576K
}
Event: 8.026 GC heap after
{Heap after GC invocations=8 (full 1):
 PSYoungGen      total 27136K, used 3058K [0x00000007eab00000, 0x00000007ecb80000, 0x0000000800000000)
  eden space 24064K, 0% used [0x00000007eab00000,0x00000007eab00000,0x00000007ec280000)
  from space 3072K, 99% used [0x00000007ec300000,0x00000007ec5fc950,0x00000007ec600000)
  to   space 4608K, 0% used [0x00000007ec700000,0x00000007ec700000,0x00000007ecb80000)
 ParOldGen       total 68608K, used 7218K [0x00000007c0000000, 0x00000007c4300000, 0x00000007eab00000)
  object space 68608K, 10% used [0x00000007c0000000,0x00000007c070cb68,0x00000007c4300000)
 Metaspace       used 30732K, capacity 32743K, committed 32896K, reserved 1079296K
  class space    used 2946K, capacity 3667K, committed 3712K, reserved 1048576K
}
Event: 8.374 GC heap before
{Heap before GC invocations=9 (full 1):
 PSYoungGen      total 27136K, used 27122K [0x00000007eab00000, 0x00000007ecb80000, 0x0000000800000000)
  eden space 24064K, 100% used [0x00000007eab00000,0x00000007ec280000,0x00000007ec280000)
  from space 3072K, 99% used [0x00000007ec300000,0x00000007ec5fc950,0x00000007ec600000)
  to   space 4608K, 0% used [0x00000007ec700000,0x00000007ec700000,0x00000007ecb80000)
 ParOldGen       total 68608K, used 7218K [0x00000007c0000000, 0x00000007c4300000, 0x00000007eab00000)
  object space 68608K, 10% used [0x00000007c0000000,0x00000007c070cb68,0x00000007c4300000)
 Metaspace       used 31059K, capacity 33125K, committed 33408K, reserved 1079296K
  class space    used 2990K, capacity 3709K, committed 3712K, reserved 1048576K
}
Event: 8.378 GC heap after
{Heap after GC invocations=9 (full 1):
 PSYoungGen      total 27648K, used 4595K [0x00000007eab00000, 0x00000007ecd00000, 0x0000000800000000)
  eden space 23040K, 0% used [0x00000007eab00000,0x00000007eab00000,0x00000007ec180000)
  from space 4608K, 99% used [0x00000007ec700000,0x00000007ecb7cf48,0x00000007ecb80000)
  to   space 5632K, 0% used [0x00000007ec180000,0x00000007ec180000,0x00000007ec700000)
 ParOldGen       total 68608K, used 7610K [0x00000007c0000000, 0x00000007c4300000, 0x00000007eab00000)
  object space 68608K, 11% used [0x00000007c0000000,0x00000007c076eb78,0x00000007c4300000)
 Metaspace       used 31059K, capacity 33125K, committed 33408K, reserved 1079296K
  class space    used 2990K, capacity 3709K, committed 3712K, reserved 1048576K
}
Event: 8.538 GC heap before
{Heap before GC invocations=10 (full 1):
 PSYoungGen      total 27648K, used 27635K [0x00000007eab00000, 0x00000007ecd00000, 0x0000000800000000)
  eden space 23040K, 100% used [0x00000007eab00000,0x00000007ec180000,0x00000007ec180000)
  from space 4608K, 99% used [0x00000007ec700000,0x00000007ecb7cf48,0x00000007ecb80000)
  to   space 5632K, 0% used [0x00000007ec180000,0x00000007ec180000,0x00000007ec700000)
 ParOldGen       total 68608K, used 7610K [0x00000007c0000000, 0x00000007c4300000, 0x00000007eab00000)
  object space 68608K, 11% used [0x00000007c0000000,0x00000007c076eb78,0x00000007c4300000)
 Metaspace       used 31100K, capacity 33125K, committed 33408K, reserved 1079296K
  class space    used 2992K, capacity 3709K, committed 3712K, reserved 1048576K
}
Event: 8.541 GC heap after
{Heap after GC invocations=10 (full 1):
 PSYoungGen      total 27136K, used 4331K [0x00000007eab00000, 0x00000007eca00000, 0x0000000800000000)
  eden space 22528K, 0% used [0x00000007eab00000,0x00000007eab00000,0x00000007ec100000)
  from space 4608K, 93% used [0x00000007ec180000,0x00000007ec5bad40,0x00000007ec600000)
  to   space 4096K, 0% used [0x00000007ec600000,0x00000007ec600000,0x00000007eca00000)
 ParOldGen       total 68608K, used 9806K [0x00000007c0000000, 0x00000007c4300000, 0x00000007eab00000)
  object space 68608K, 14% used [0x00000007c0000000,0x00000007c09938b8,0x00000007c4300000)
 Metaspace       used 31100K, capacity 33125K, committed 33408K, reserved 1079296K
  class space    used 2992K, capacity 3709K, committed 3712K, reserved 1048576K
}
Event: 8.629 GC heap before
{Heap before GC invocations=11 (full 1):
 PSYoungGen      total 27136K, used 26859K [0x00000007eab00000, 0x00000007eca00000, 0x0000000800000000)
  eden space 22528K, 100% used [0x00000007eab00000,0x00000007ec100000,0x00000007ec100000)
  from space 4608K, 93% used [0x00000007ec180000,0x00000007ec5bad40,0x00000007ec600000)
  to   space 4096K, 0% used [0x00000007ec600000,0x00000007ec600000,0x00000007eca00000)
 ParOldGen       total 68608K, used 9806K [0x00000007c0000000, 0x00000007c4300000, 0x00000007eab00000)
  object space 68608K, 14% used [0x00000007c0000000,0x00000007c09938b8,0x00000007c4300000)
 Metaspace       used 31199K, capacity 33221K, committed 33536K, reserved 1079296K
  class space    used 2996K, capacity 3741K, committed 3840K, reserved 1048576K
}
Event: 8.643 GC heap after
{Heap after GC invocations=11 (full 1):
 PSYoungGen      total 26112K, used 3858K [0x00000007eab00000, 0x00000007eca00000, 0x0000000800000000)
  eden space 22016K, 0% used [0x00000007eab00000,0x00000007eab00000,0x00000007ec080000)
  from space 4096K, 94% used [0x00000007ec600000,0x00000007ec9c4b28,0x00000007eca00000)
  to   space 4096K, 0% used [0x00000007ec200000,0x00000007ec200000,0x00000007ec600000)
 ParOldGen       total 68608K, used 12222K [0x00000007c0000000, 0x00000007c4300000, 0x00000007eab00000)
  object space 68608K, 17% used [0x00000007c0000000,0x00000007c0befb48,0x00000007c4300000)
 Metaspace       used 31199K, capacity 33221K, committed 33536K, reserved 1079296K
  class space    used 2996K, capacity 3741K, committed 3840K, reserved 1048576K
}
Event: 8.774 GC heap before
{Heap before GC invocations=12 (full 1):
 PSYoungGen      total 26112K, used 25874K [0x00000007eab00000, 0x00000007eca00000, 0x0000000800000000)
  eden space 22016K, 100% used [0x00000007eab00000,0x00000007ec080000,0x00000007ec080000)
  from space 4096K, 94% used [0x00000007ec600000,0x00000007ec9c4b28,0x00000007eca00000)
  to   space 4096K, 0% used [0x00000007ec200000,0x00000007ec200000,0x00000007ec600000)
 ParOldGen       total 68608K, used 12222K [0x00000007c0000000, 0x00000007c4300000, 0x00000007eab00000)
  object space 68608K, 17% used [0x00000007c0000000,0x00000007c0befb48,0x00000007c4300000)
 Metaspace       used 31281K, capacity 33349K, committed 33536K, reserved 1079296K
  class space    used 3005K, capacity 3741K, committed 3840K, reserved 1048576K
}
Event: 8.779 GC heap after
{Heap after GC invocations=12 (full 1):
 PSYoungGen      total 24576K, used 2400K [0x00000007eab00000, 0x00000007ec680000, 0x0000000800000000)
  eden space 22016K, 0% used [0x00000007eab00000,0x00000007eab00000,0x00000007ec080000)
  from space 2560K, 93% used [0x00000007ec200000,0x00000007ec458010,0x00000007ec480000)
  to   space 2048K, 0% used [0x00000007ec480000,0x00000007ec480000,0x00000007ec680000)
 ParOldGen       total 68608K, used 15929K [0x00000007c0000000, 0x00000007c4300000, 0x00000007eab00000)
  object space 68608K, 23% used [0x00000007c0000000,0x00000007c0f8e670,0x00000007c4300000)
 Metaspace       used 31281K, capacity 33349K, committed 33536K, reserved 1079296K
  class space    used 3005K, capacity 3741K, committed 3840K, reserved 1048576K
}
Event: 9.021 GC heap before
{Heap before GC invocations=13 (full 1):
 PSYoungGen      total 24576K, used 24416K [0x00000007eab00000, 0x00000007ec680000, 0x0000000800000000)
  eden space 22016K, 100% used [0x00000007eab00000,0x00000007ec080000,0x00000007ec080000)
  from space 2560K, 93% used [0x00000007ec200000,0x00000007ec458010,0x00000007ec480000)
  to   space 2048K, 0% used [0x00000007ec480000,0x00000007ec480000,0x00000007ec680000)
 ParOldGen       total 68608K, used 15929K [0x00000007c0000000, 0x00000007c4300000, 0x00000007eab00000)
  object space 68608K, 23% used [0x00000007c0000000,0x00000007c0f8e670,0x00000007c4300000)
 Metaspace       used 31282K, capacity 33349K, committed 33536K, reserved 1079296K
  class space    used 3005K, capacity 3741K, committed 3840K, reserved 1048576K
}
Event: 9.024 GC heap after
{Heap after GC invocations=13 (full 1):
 PSYoungGen      total 23040K, used 2016K [0x00000007eab00000, 0x00000007eca80000, 0x0000000800000000)
  eden space 20992K, 0% used [0x00000007eab00000,0x00000007eab00000,0x00000007ebf80000)
  from space 2048K, 98% used [0x00000007ec480000,0x00000007ec678010,0x00000007ec680000)
  to   space 5120K, 0% used [0x00000007ebf80000,0x00000007ebf80000,0x00000007ec480000)
 ParOldGen       total 68608K, used 18320K [0x00000007c0000000, 0x00000007c4300000, 0x00000007eab00000)
  object space 68608K, 26% used [0x00000007c0000000,0x00000007c11e4028,0x00000007c4300000)
 Metaspace       used 31282K, capacity 33349K, committed 33536K, reserved 1079296K
  class space    used 3005K, capacity 3741K, committed 3840K, reserved 1048576K
}
Event: 9.233 GC heap before
{Heap before GC invocations=14 (full 1):
 PSYoungGen      total 23040K, used 23008K [0x00000007eab00000, 0x00000007eca80000, 0x0000000800000000)
  eden space 20992K, 100% used [0x00000007eab00000,0x00000007ebf80000,0x00000007ebf80000)
  from space 2048K, 98% used [0x00000007ec480000,0x00000007ec678010,0x00000007ec680000)
  to   space 5120K, 0% used [0x00000007ebf80000,0x00000007ebf80000,0x00000007ec480000)
 ParOldGen       total 68608K, used 18320K [0x00000007c0000000, 0x00000007c4300000, 0x00000007eab00000)
  object space 68608K, 26% used [0x00000007c0000000,0x00000007c11e4028,0x00000007c4300000)
 Metaspace       used 31282K, capacity 33350K, committed 33536K, reserved 1079296K
  class space    used 3005K, capacity 3741K, committed 3840K, reserved 1048576K
}
Event: 9.235 GC heap after
{Heap after GC invocations=14 (full 1):
 PSYoungGen      total 23040K, used 2016K [0x00000007eab00000, 0x00000007ec580000, 0x0000000800000000)
  eden space 20992K, 0% used [0x00000007eab00000,0x00000007eab00000,0x00000007ebf80000)
  from space 2048K, 98% used [0x00000007ebf80000,0x00000007ec178000,0x00000007ec180000)
  to   space 3072K, 0% used [0x00000007ec280000,0x00000007ec280000,0x00000007ec580000)
 ParOldGen       total 68608K, used 20368K [0x00000007c0000000, 0x00000007c4300000, 0x00000007eab00000)
  object space 68608K, 29% used [0x00000007c0000000,0x00000007c13e4038,0x00000007c4300000)
 Metaspace       used 31282K, capacity 33350K, committed 33536K, reserved 1079296K
  class space    used 3005K, capacity 3741K, committed 3840K, reserved 1048576K
}
Event: 9.416 GC heap before
{Heap before GC invocations=15 (full 1):
 PSYoungGen      total 23040K, used 23008K [0x00000007eab00000, 0x00000007ec580000, 0x0000000800000000)
  eden space 20992K, 100% used [0x00000007eab00000,0x00000007ebf80000,0x00000007ebf80000)
  from space 2048K, 98% used [0x00000007ebf80000,0x00000007ec178000,0x00000007ec180000)
  to   space 3072K, 0% used [0x00000007ec280000,0x00000007ec280000,0x00000007ec580000)
 ParOldGen       total 68608K, used 20368K [0x00000007c0000000, 0x00000007c4300000, 0x00000007eab00000)
  object space 68608K, 29% used [0x00000007c0000000,0x00000007c13e4038,0x00000007c4300000)
 Metaspace       used 31711K, capacity 33794K, committed 34048K, reserved 1079296K
  class space    used 3037K, capacity 3782K, committed 3840K, reserved 1048576K
}
Event: 9.419 GC heap after
{Heap after GC invocations=15 (full 1):
 PSYoungGen      total 23552K, used 3036K [0x00000007eab00000, 0x00000007ec680000, 0x0000000800000000)
  eden space 20480K, 0% used [0x00000007eab00000,0x00000007eab00000,0x00000007ebf00000)
  from space 3072K, 98% used [0x00000007ec280000,0x00000007ec5772c8,0x00000007ec580000)
  to   space 3584K, 0% used [0x00000007ebf00000,0x00000007ebf00000,0x00000007ec280000)
 ParOldGen       total 68608K, used 22208K [0x00000007c0000000, 0x00000007c4300000, 0x00000007eab00000)
  object space 68608K, 32% used [0x00000007c0000000,0x00000007c15b0038,0x00000007c4300000)
 Metaspace       used 31711K, capacity 33794K, committed 34048K, reserved 1079296K
  class space    used 3037K, capacity 3782K, committed 3840K, reserved 1048576K
}
Event: 10.141 GC heap before
{Heap before GC invocations=16 (full 1):
 PSYoungGen      total 23552K, used 22835K [0x00000007eab00000, 0x00000007ec680000, 0x0000000800000000)
  eden space 20480K, 96% used [0x00000007eab00000,0x00000007ebe559e8,0x00000007ebf00000)
  from space 3072K, 98% used [0x00000007ec280000,0x00000007ec5772c8,0x00000007ec580000)
  to   space 3584K, 0% used [0x00000007ebf00000,0x00000007ebf00000,0x00000007ec280000)
 ParOldGen       total 68608K, used 22208K [0x00000007c0000000, 0x00000007c4300000, 0x00000007eab00000)
  object space 68608K, 32% used [0x00000007c0000000,0x00000007c15b0038,0x00000007c4300000)
 Metaspace       used 33217K, capacity 35234K, committed 35416K, reserved 1081344K
  class space    used 3143K, capacity 3878K, committed 3968K, reserved 1048576K
}
Event: 10.144 GC heap after
{Heap after GC invocations=16 (full 1):
 PSYoungGen      total 21504K, used 581K [0x00000007eab00000, 0x00000007ec300000, 0x0000000800000000)
  eden space 20480K, 0% used [0x00000007eab00000,0x00000007eab00000,0x00000007ebf00000)
  from space 1024K, 56% used [0x00000007ebf00000,0x00000007ebf91450,0x00000007ec000000)
  to   space 1536K, 0% used [0x00000007ec180000,0x00000007ec180000,0x00000007ec300000)
 ParOldGen       total 68608K, used 25053K [0x00000007c0000000, 0x00000007c4300000, 0x00000007eab00000)
  object space 68608K, 36% used [0x00000007c0000000,0x00000007c1877408,0x00000007c4300000)
 Metaspace       used 33217K, capacity 35234K, committed 35416K, reserved 1081344K
  class space    used 3143K, capacity 3878K, committed 3968K, reserved 1048576K
}
Event: 10.144 GC heap before
{Heap before GC invocations=17 (full 2):
 PSYoungGen      total 21504K, used 581K [0x00000007eab00000, 0x00000007ec300000, 0x0000000800000000)
  eden space 20480K, 0% used [0x00000007eab00000,0x00000007eab00000,0x00000007ebf00000)
  from space 1024K, 56% used [0x00000007ebf00000,0x00000007ebf91450,0x00000007ec000000)
  to   space 1536K, 0% used [0x00000007ec180000,0x00000007ec180000,0x00000007ec300000)
 ParOldGen       total 68608K, used 25053K [0x00000007c0000000, 0x00000007c4300000, 0x00000007eab00000)
  object space 68608K, 36% used [0x00000007c0000000,0x00000007c1877408,0x00000007c4300000)
 Metaspace       used 33217K, capacity 35234K, committed 35416K, reserved 1081344K
  class space    used 3143K, capacity 3878K, committed 3968K, reserved 1048576K
}
Event: 10.354 GC heap after
{Heap after GC invocations=17 (full 2):
 PSYoungGen      total 21504K, used 0K [0x00000007eab00000, 0x00000007ec300000, 0x0000000800000000)
  eden space 20480K, 0% used [0x00000007eab00000,0x00000007eab00000,0x00000007ebf00000)
  from space 1024K, 0% used [0x00000007ebf00000,0x00000007ebf00000,0x00000007ec000000)
  to   space 1536K, 0% used [0x00000007ec180000,0x00000007ec180000,0x00000007ec300000)
 ParOldGen       total 68608K, used 24729K [0x00000007c0000000, 0x00000007c4300000, 0x00000007eab00000)
  object space 68608K, 36% used [0x00000007c0000000,0x00000007c1826550,0x00000007c4300000)
 Metaspace       used 33217K, capacity 35234K, committed 35416K, reserved 1081344K
  class space    used 3143K, capacity 3878K, committed 3968K, reserved 1048576K
}

